# JRE version: Java(TM) SE Runtime Environment (8.0_101-b13) (build 1.8.0_101-b13)
# Java VM: Java HotSpot(TM) 64-Bit Server VM (25.101-b13 mixed mode windows-amd64 compressed oops)
Heap:
 PSYoungGen      total 190976K, used 21510K [0x00000000d6100000, 0x00000000e5c80000, 0x0000000100000000)
  eden space 178176K, 5% used [0x00000000d6100000,0x00000000d6ac74c8,0x00000000e0f00000)
  from space 12800K, 89% used [0x00000000e0f00000,0x00000000e1a3a590,0x00000000e1b80000)
  to   space 13824K, 0% used [0x00000000e4f00000,0x00000000e4f00000,0x00000000e5c80000)
 ParOldGen       total 85504K, used 18034K [0x0000000082200000, 0x0000000087580000, 0x00000000d6100000)
  object space 85504K, 21% used [0x0000000082200000,0x000000008339cb70,0x0000000087580000)
 Metaspace       used 42046K, capacity 42452K, committed 42752K, reserved 1087488K
  class space    used 5497K, capacity 5615K, committed 5632K, reserved 1048576K
GC Heap History (10 events):
Event: 5.152 GC heap before
{Heap before GC invocations=7 (full 1):
 PSYoungGen      total 70656K, used 65536K [0x00000000d6100000, 0x00000000df300000, 0x0000000100000000)
  eden space 65536K, 100% used [0x00000000d6100000,0x00000000da100000,0x00000000da100000)
  from space 5120K, 0% used [0x00000000da100000,0x00000000da100000,0x00000000da600000)
  to   space 9216K, 0% used [0x00000000dea00000,0x00000000dea00000,0x00000000df300000)
 ParOldGen       total 54784K, used 7907K [0x0000000082200000, 0x0000000085780000, 0x00000000d6100000)
  object space 54784K, 14% used [0x0000000082200000,0x00000000829b8f80,0x0000000085780000)
 Metaspace       used 24303K, capacity 24668K, committed 24960K, reserved 1071104K
  class space    used 3007K, capacity 3099K, committed 3200K, reserved 1048576K
Event: 5.171 GC heap after
Heap after GC invocations=7 (full 1):
 PSYoungGen      total 114688K, used 4720K [0x00000000d6100000, 0x00000000def00000, 0x0000000100000000)
  eden space 109568K, 0% used [0x00000000d6100000,0x00000000d6100000,0x00000000dcc00000)
  from space 5120K, 92% used [0x00000000dea00000,0x00000000dee9c1a8,0x00000000def00000)
  to   space 8704K, 0% used [0x00000000dde00000,0x00000000dde00000,0x00000000de680000)
 ParOldGen       total 54784K, used 7907K [0x0000000082200000, 0x0000000085780000, 0x00000000d6100000)
  object space 54784K, 14% used [0x0000000082200000,0x00000000829b8f80,0x0000000085780000)
 Metaspace       used 24303K, capacity 24668K, committed 24960K, reserved 1071104K
  class space    used 3007K, capacity 3099K, committed 3200K, reserved 1048576K
}
Event: 6.766 GC heap before
{Heap before GC invocations=8 (full 1):
 PSYoungGen      total 114688K, used 114288K [0x00000000d6100000, 0x00000000def00000, 0x0000000100000000)
  eden space 109568K, 100% used [0x00000000d6100000,0x00000000dcc00000,0x00000000dcc00000)
  from space 5120K, 92% used [0x00000000dea00000,0x00000000dee9c1a8,0x00000000def00000)
  to   space 8704K, 0% used [0x00000000dde00000,0x00000000dde00000,0x00000000de680000)
 ParOldGen       total 54784K, used 7907K [0x0000000082200000, 0x0000000085780000, 0x00000000d6100000)
  object space 54784K, 14% used [0x0000000082200000,0x00000000829b8f80,0x0000000085780000)
 Metaspace       used 29226K, capacity 29548K, committed 29952K, reserved 1075200K
  class space    used 3621K, capacity 3715K, committed 3840K, reserved 1048576K
Event: 6.788 GC heap after
Heap after GC invocations=8 (full 1):
 PSYoungGen      total 136704K, used 8700K [0x00000000d6100000, 0x00000000e2600000, 0x0000000100000000)
  eden space 128000K, 0% used [0x00000000d6100000,0x00000000d6100000,0x00000000dde00000)
  from space 8704K, 99% used [0x00000000dde00000,0x00000000de67f118,0x00000000de680000)
  to   space 10752K, 0% used [0x00000000e1b80000,0x00000000e1b80000,0x00000000e2600000)
 ParOldGen       total 54784K, used 9187K [0x0000000082200000, 0x0000000085780000, 0x00000000d6100000)
  object space 54784K, 16% used [0x0000000082200000,0x0000000082af8e78,0x0000000085780000)
 Metaspace       used 29226K, capacity 29548K, committed 29952K, reserved 1075200K
  class space    used 3621K, capacity 3715K, committed 3840K, reserved 1048576K
}
Event: 7.688 GC heap before
{Heap before GC invocations=9 (full 1):
 PSYoungGen      total 136704K, used 72866K [0x00000000d6100000, 0x00000000e2600000, 0x0000000100000000)
  eden space 128000K, 50% used [0x00000000d6100000,0x00000000d9fa98f0,0x00000000dde00000)
  from space 8704K, 99% used [0x00000000dde00000,0x00000000de67f118,0x00000000de680000)
  to   space 10752K, 0% used [0x00000000e1b80000,0x00000000e1b80000,0x00000000e2600000)
 ParOldGen       total 54784K, used 9187K [0x0000000082200000, 0x0000000085780000, 0x00000000d6100000)
  object space 54784K, 16% used [0x0000000082200000,0x0000000082af8e78,0x0000000085780000)
 Metaspace       used 34865K, capacity 35218K, committed 35496K, reserved 1081344K
  class space    used 4502K, capacity 4580K, committed 4608K, reserved 1048576K
Event: 7.704 GC heap after
Heap after GC invocations=9 (full 1):
 PSYoungGen      total 188928K, used 10724K [0x00000000d6100000, 0x00000000e4680000, 0x0000000100000000)
  eden space 178176K, 0% used [0x00000000d6100000,0x00000000d6100000,0x00000000e0f00000)
  from space 10752K, 99% used [0x00000000e1b80000,0x00000000e25f9380,0x00000000e2600000)
  to   space 12800K, 0% used [0x00000000e0f00000,0x00000000e0f00000,0x00000000e1b80000)
 ParOldGen       total 54784K, used 10995K [0x0000000082200000, 0x0000000085780000, 0x00000000d6100000)
  object space 54784K, 20% used [0x0000000082200000,0x0000000082cbcdd0,0x0000000085780000)
 Metaspace       used 34865K, capacity 35218K, committed 35496K, reserved 1081344K
  class space    used 4502K, capacity 4580K, committed 4608K, reserved 1048576K
}
Event: 7.704 GC heap before
{Heap before GC invocations=10 (full 2):
 PSYoungGen      total 188928K, used 10724K [0x00000000d6100000, 0x00000000e4680000, 0x0000000100000000)
  eden space 178176K, 0% used [0x00000000d6100000,0x00000000d6100000,0x00000000e0f00000)
  from space 10752K, 99% used [0x00000000e1b80000,0x00000000e25f9380,0x00000000e2600000)
  to   space 12800K, 0% used [0x00000000e0f00000,0x00000000e0f00000,0x00000000e1b80000)
 ParOldGen       total 54784K, used 10995K [0x0000000082200000, 0x0000000085780000, 0x00000000d6100000)
  object space 54784K, 20% used [0x0000000082200000,0x0000000082cbcdd0,0x0000000085780000)
 Metaspace       used 34865K, capacity 35218K, committed 35496K, reserved 1081344K
  class space    used 4502K, capacity 4580K, committed 4608K, reserved 1048576K
Event: 7.794 GC heap after
Heap after GC invocations=10 (full 2):
 PSYoungGen      total 188928K, used 0K [0x00000000d6100000, 0x00000000e4680000, 0x0000000100000000)
  eden space 178176K, 0% used [0x00000000d6100000,0x00000000d6100000,0x00000000e0f00000)
  from space 10752K, 0% used [0x00000000e1b80000,0x00000000e1b80000,0x00000000e2600000)
  to   space 12800K, 0% used [0x00000000e0f00000,0x00000000e0f00000,0x00000000e1b80000)
 ParOldGen       total 85504K, used 18026K [0x0000000082200000, 0x0000000087580000, 0x00000000d6100000)
  object space 85504K, 21% used [0x0000000082200000,0x000000008339ab70,0x0000000087580000)
 Metaspace       used 34865K, capacity 35218K, committed 35496K, reserved 1081344K
  class space    used 4502K, capacity 4580K, committed 4608K, reserved 1048576K
}
Event: 9.961 GC heap before
{Heap before GC invocations=11 (full 2):
 PSYoungGen      total 188928K, used 178176K [0x00000000d6100000, 0x00000000e4680000, 0x0000000100000000)
  eden space 178176K, 100% used [0x00000000d6100000,0x00000000e0f00000,0x00000000e0f00000)
  from space 10752K, 0% used [0x00000000e1b80000,0x00000000e1b80000,0x00000000e2600000)
  to   space 12800K, 0% used [0x00000000e0f00000,0x00000000e0f00000,0x00000000e1b80000)
 ParOldGen       total 85504K, used 18026K [0x0000000082200000, 0x0000000087580000, 0x00000000d6100000)
  object space 85504K, 21% used [0x0000000082200000,0x000000008339ab70,0x0000000087580000)
 Metaspace       used 41928K, capacity 42292K, committed 42752K, reserved 1087488K
  class space    used 5486K, capacity 5583K, committed 5632K, reserved 1048576K
Event: 9.976 GC heap after
Heap after GC invocations=11 (full 2):
 PSYoungGen      total 190976K, used 11497K [0x00000000d6100000, 0x00000000e5c80000, 0x0000000100000000)
  eden space 178176K, 0% used [0x00000000d6100000,0x00000000d6100000,0x00000000e0f00000)
  from space 12800K, 89% used [0x00000000e0f00000,0x00000000e1a3a590,0x00000000e1b80000)
  to   space 13824K, 0% used [0x00000000e4f00000,0x00000000e4f00000,0x00000000e5c80000)
 ParOldGen       total 85504K, used 18034K [0x0000000082200000, 0x0000000087580000, 0x00000000d6100000)
  object space 85504K, 21% used [0x0000000082200000,0x000000008339cb70,0x0000000087580000)
 Metaspace       used 41928K, capacity 42292K, committed 42752K, reserved 1087488K
  class space    used 5486K, capacity 5583K, committed 5632K, reserved 1048576K
}

