# JRE version: Java(TM) SE Runtime Environment (8.0_101-b13) (build 1.8.0_101-b13)
# Java VM: Java HotSpot(TM) 64-Bit Server VM (25.101-b13 mixed mode windows-amd64 compressed oops)
Heap:
 PSYoungGen      total 155136K, used 25481K [0x00000000d6100000, 0x00000000e4100000, 0x0000000100000000)
  eden space 144384K, 11% used [0x00000000d6100000,0x00000000d70c38a0,0x00000000dee00000)
  from space 10752K, 86% used [0x00000000dee00000,0x00000000df71ef08,0x00000000df880000)
  to   space 11776K, 0% used [0x00000000e3580000,0x00000000e3580000,0x00000000e4100000)
 ParOldGen       total 74240K, used 14475K [0x0000000082200000, 0x0000000086a80000, 0x00000000d6100000)
  object space 74240K, 19% used [0x0000000082200000,0x0000000083022e20,0x0000000086a80000)
 Metaspace       used 41459K, capacity 41902K, committed 42240K, reserved 1085440K
  class space    used 5417K, capacity 5518K, committed 5632K, reserved 1048576K
GC Heap History (10 events):
Event: 7.033 GC heap before
{Heap before GC invocations=9 (full 1):
 PSYoungGen      total 73216K, used 70292K [0x00000000d6100000, 0x00000000dd980000, 0x0000000100000000)
  eden space 65536K, 100% used [0x00000000d6100000,0x00000000da100000,0x00000000da100000)
  from space 7680K, 61% used [0x00000000da100000,0x00000000da5a5098,0x00000000da880000)
  to   space 7680K, 0% used [0x00000000dd200000,0x00000000dd200000,0x00000000dd980000)
 ParOldGen       total 52224K, used 6282K [0x0000000082200000, 0x0000000085500000, 0x00000000d6100000)
  object space 52224K, 12% used [0x0000000082200000,0x0000000082822828,0x0000000085500000)
 Metaspace       used 26344K, capacity 26650K, committed 27008K, reserved 1073152K
  class space    used 3299K, capacity 3392K, committed 3456K, reserved 1048576K
Event: 7.051 GC heap after
Heap after GC invocations=9 (full 1):
 PSYoungGen      total 113664K, used 6917K [0x00000000d6100000, 0x00000000dd900000, 0x0000000100000000)
  eden space 106496K, 0% used [0x00000000d6100000,0x00000000d6100000,0x00000000dc900000)
  from space 7168K, 96% used [0x00000000dd200000,0x00000000dd8c1740,0x00000000dd900000)
  to   space 8192K, 0% used [0x00000000dc900000,0x00000000dc900000,0x00000000dd100000)
 ParOldGen       total 52224K, used 6290K [0x0000000082200000, 0x0000000085500000, 0x00000000d6100000)
  object space 52224K, 12% used [0x0000000082200000,0x0000000082824828,0x0000000085500000)
 Metaspace       used 26344K, capacity 26650K, committed 27008K, reserved 1073152K
  class space    used 3299K, capacity 3392K, committed 3456K, reserved 1048576K
}
Event: 8.665 GC heap before
{Heap before GC invocations=10 (full 1):
 PSYoungGen      total 113664K, used 113413K [0x00000000d6100000, 0x00000000dd900000, 0x0000000100000000)
  eden space 106496K, 100% used [0x00000000d6100000,0x00000000dc900000,0x00000000dc900000)
  from space 7168K, 96% used [0x00000000dd200000,0x00000000dd8c1740,0x00000000dd900000)
  to   space 8192K, 0% used [0x00000000dc900000,0x00000000dc900000,0x00000000dd100000)
 ParOldGen       total 52224K, used 6290K [0x0000000082200000, 0x0000000085500000, 0x00000000d6100000)
  object space 52224K, 12% used [0x0000000082200000,0x0000000082824828,0x0000000085500000)
 Metaspace       used 34404K, capacity 34770K, committed 35072K, reserved 1079296K
  class space    used 4413K, capacity 4516K, committed 4608K, reserved 1048576K
Event: 8.679 GC heap after
Heap after GC invocations=10 (full 1):
 PSYoungGen      total 114688K, used 8183K [0x00000000d6100000, 0x00000000e0380000, 0x0000000100000000)
  eden space 106496K, 0% used [0x00000000d6100000,0x00000000d6100000,0x00000000dc900000)
  from space 8192K, 99% used [0x00000000dc900000,0x00000000dd0fdc98,0x00000000dd100000)
  to   space 11264K, 0% used [0x00000000df880000,0x00000000df880000,0x00000000e0380000)
 ParOldGen       total 52224K, used 11459K [0x0000000082200000, 0x0000000085500000, 0x00000000d6100000)
  object space 52224K, 21% used [0x0000000082200000,0x0000000082d30eb0,0x0000000085500000)
 Metaspace       used 34404K, capacity 34770K, committed 35072K, reserved 1079296K
  class space    used 4413K, capacity 4516K, committed 4608K, reserved 1048576K
}
Event: 8.776 GC heap before
{Heap before GC invocations=11 (full 1):
 PSYoungGen      total 114688K, used 15901K [0x00000000d6100000, 0x00000000e0380000, 0x0000000100000000)
  eden space 106496K, 7% used [0x00000000d6100000,0x00000000d6889b00,0x00000000dc900000)
  from space 8192K, 99% used [0x00000000dc900000,0x00000000dd0fdc98,0x00000000dd100000)
  to   space 11264K, 0% used [0x00000000df880000,0x00000000df880000,0x00000000e0380000)
 ParOldGen       total 52224K, used 11459K [0x0000000082200000, 0x0000000085500000, 0x00000000d6100000)
  object space 52224K, 21% used [0x0000000082200000,0x0000000082d30eb0,0x0000000085500000)
 Metaspace       used 34884K, capacity 35218K, committed 35496K, reserved 1081344K
  class space    used 4494K, capacity 4580K, committed 4608K, reserved 1048576K
Event: 8.788 GC heap after
Heap after GC invocations=11 (full 1):
 PSYoungGen      total 155648K, used 4327K [0x00000000d6100000, 0x00000000e0d80000, 0x0000000100000000)
  eden space 144384K, 0% used [0x00000000d6100000,0x00000000d6100000,0x00000000dee00000)
  from space 11264K, 38% used [0x00000000df880000,0x00000000dfcb9cb0,0x00000000e0380000)
  to   space 10752K, 0% used [0x00000000dee00000,0x00000000dee00000,0x00000000df880000)
 ParOldGen       total 52224K, used 15744K [0x0000000082200000, 0x0000000085500000, 0x00000000d6100000)
  object space 52224K, 30% used [0x0000000082200000,0x00000000831601b0,0x0000000085500000)
 Metaspace       used 34884K, capacity 35218K, committed 35496K, reserved 1081344K
  class space    used 4494K, capacity 4580K, committed 4608K, reserved 1048576K
}
Event: 8.788 GC heap before
{Heap before GC invocations=12 (full 2):
 PSYoungGen      total 155648K, used 4327K [0x00000000d6100000, 0x00000000e0d80000, 0x0000000100000000)
  eden space 144384K, 0% used [0x00000000d6100000,0x00000000d6100000,0x00000000dee00000)
  from space 11264K, 38% used [0x00000000df880000,0x00000000dfcb9cb0,0x00000000e0380000)
  to   space 10752K, 0% used [0x00000000dee00000,0x00000000dee00000,0x00000000df880000)
 ParOldGen       total 52224K, used 15744K [0x0000000082200000, 0x0000000085500000, 0x00000000d6100000)
  object space 52224K, 30% used [0x0000000082200000,0x00000000831601b0,0x0000000085500000)
 Metaspace       used 34884K, capacity 35218K, committed 35496K, reserved 1081344K
  class space    used 4494K, capacity 4580K, committed 4608K, reserved 1048576K
Event: 8.851 GC heap after
Heap after GC invocations=12 (full 2):
 PSYoungGen      total 155648K, used 0K [0x00000000d6100000, 0x00000000e0d80000, 0x0000000100000000)
  eden space 144384K, 0% used [0x00000000d6100000,0x00000000d6100000,0x00000000dee00000)
  from space 11264K, 0% used [0x00000000df880000,0x00000000df880000,0x00000000e0380000)
  to   space 10752K, 0% used [0x00000000dee00000,0x00000000dee00000,0x00000000df880000)
 ParOldGen       total 74240K, used 14467K [0x0000000082200000, 0x0000000086a80000, 0x00000000d6100000)
  object space 74240K, 19% used [0x0000000082200000,0x0000000083020e20,0x0000000086a80000)
 Metaspace       used 34884K, capacity 35218K, committed 35496K, reserved 1081344K
  class space    used 4494K, capacity 4580K, committed 4608K, reserved 1048576K
}
Event: 10.659 GC heap before
{Heap before GC invocations=13 (full 2):
 PSYoungGen      total 155648K, used 144384K [0x00000000d6100000, 0x00000000e0d80000, 0x0000000100000000)
  eden space 144384K, 100% used [0x00000000d6100000,0x00000000dee00000,0x00000000dee00000)
  from space 11264K, 0% used [0x00000000df880000,0x00000000df880000,0x00000000e0380000)
  to   space 10752K, 0% used [0x00000000dee00000,0x00000000dee00000,0x00000000df880000)
 ParOldGen       total 74240K, used 14467K [0x0000000082200000, 0x0000000086a80000, 0x00000000d6100000)
  object space 74240K, 19% used [0x0000000082200000,0x0000000083020e20,0x0000000086a80000)
 Metaspace       used 40680K, capacity 41070K, committed 41600K, reserved 1085440K
  class space    used 5312K, capacity 5390K, committed 5504K, reserved 1048576K
Event: 10.672 GC heap after
Heap after GC invocations=13 (full 2):
 PSYoungGen      total 155136K, used 9339K [0x00000000d6100000, 0x00000000e4100000, 0x0000000100000000)
  eden space 144384K, 0% used [0x00000000d6100000,0x00000000d6100000,0x00000000dee00000)
  from space 10752K, 86% used [0x00000000dee00000,0x00000000df71ef08,0x00000000df880000)
  to   space 11776K, 0% used [0x00000000e3580000,0x00000000e3580000,0x00000000e4100000)
 ParOldGen       total 74240K, used 14475K [0x0000000082200000, 0x0000000086a80000, 0x00000000d6100000)
  object space 74240K, 19% used [0x0000000082200000,0x0000000083022e20,0x0000000086a80000)
 Metaspace       used 40680K, capacity 41070K, committed 41600K, reserved 1085440K
  class space    used 5312K, capacity 5390K, committed 5504K, reserved 1048576K
}

